<?xml version="1.0" encoding="UTF-8"?>
<testng-results ignored="0" total="10" passed="9" failed="1" skipped="0">
  <reporter-output>
  </reporter-output>
  <suite started-at="2022-03-14T12:12:16 IST" name="ActiTime Test1" finished-at="2022-03-14T12:14:11 IST" duration-ms="115029">
    <groups>
    </groups>
    <test started-at="2022-03-14T12:12:16 IST" name="Scenario 1" finished-at="2022-03-14T12:14:11 IST" duration-ms="115029">
      <class name="com.sgtesting.Testng.TestNGAssign6">
        <test-method signature="launchBrowser()[pri:1, instance:com.sgtesting.Testng.TestNGAssign6@1caa0244]" started-at="2022-03-14T12:12:16 IST" name="launchBrowser" finished-at="2022-03-14T12:12:30 IST" duration-ms="14269" status="PASS">
          <reporter-output>
          </reporter-output>
        </test-method> <!-- launchBrowser -->
        <test-method signature="navigate()[pri:2, instance:com.sgtesting.Testng.TestNGAssign6@1caa0244]" started-at="2022-03-14T12:12:30 IST" name="navigate" finished-at="2022-03-14T12:12:42 IST" duration-ms="11304" status="PASS">
          <reporter-output>
          </reporter-output>
        </test-method> <!-- navigate -->
        <test-method signature="login()[pri:3, instance:com.sgtesting.Testng.TestNGAssign6@1caa0244]" started-at="2022-03-14T12:12:42 IST" name="login" finished-at="2022-03-14T12:12:48 IST" duration-ms="6699" status="PASS">
          <reporter-output>
          </reporter-output>
        </test-method> <!-- login -->
        <test-method signature="minimizeInfoWindow()[pri:4, instance:com.sgtesting.Testng.TestNGAssign6@1caa0244]" started-at="2022-03-14T12:12:48 IST" name="minimizeInfoWindow" finished-at="2022-03-14T12:12:51 IST" duration-ms="3096" status="PASS">
          <reporter-output>
          </reporter-output>
        </test-method> <!-- minimizeInfoWindow -->
        <test-method signature="createCustomer()[pri:5, instance:com.sgtesting.Testng.TestNGAssign6@1caa0244]" started-at="2022-03-14T12:12:51 IST" name="createCustomer" finished-at="2022-03-14T12:13:05 IST" duration-ms="13699" status="PASS">
          <reporter-output>
          </reporter-output>
        </test-method> <!-- createCustomer -->
        <test-method signature="createProject()[pri:6, instance:com.sgtesting.Testng.TestNGAssign6@1caa0244]" started-at="2022-03-14T12:13:05 IST" name="createProject" finished-at="2022-03-14T12:13:24 IST" duration-ms="19225" status="PASS">
          <reporter-output>
          </reporter-output>
        </test-method> <!-- createProject -->
        <test-method signature="modifyProject1()[pri:7, instance:com.sgtesting.Testng.TestNGAssign6@1caa0244]" started-at="2022-03-14T12:13:24 IST" name="modifyProject1" finished-at="2022-03-14T12:13:47 IST" duration-ms="22559" status="PASS">
          <reporter-output>
          </reporter-output>
        </test-method> <!-- modifyProject1 -->
        <test-method signature="deleteProject()[pri:8, instance:com.sgtesting.Testng.TestNGAssign6@1caa0244]" started-at="2022-03-14T12:13:47 IST" name="deleteProject" finished-at="2022-03-14T12:13:59 IST" duration-ms="11731" status="PASS">
          <reporter-output>
          </reporter-output>
        </test-method> <!-- deleteProject -->
        <test-method signature="deleteCustomer()[pri:9, instance:com.sgtesting.Testng.TestNGAssign6@1caa0244]" started-at="2022-03-14T12:13:59 IST" name="deleteCustomer" finished-at="2022-03-14T12:14:07 IST" duration-ms="8629" status="FAIL">
          <exception class="java.lang.AssertionError">
            <message>
              <![CDATA[No Delete User expected [There are no customers or projects] but found []]]>
            </message>
            <full-stacktrace>
              <![CDATA[java.lang.AssertionError: No Delete User expected [There are no customers or projects] but found []
at org.testng.Assert.fail(Assert.java:99)
at org.testng.Assert.failNotEquals(Assert.java:1037)
at org.testng.Assert.assertEqualsImpl(Assert.java:140)
at org.testng.Assert.assertEquals(Assert.java:122)
at org.testng.Assert.assertEquals(Assert.java:629)
at com.sgtesting.Testng.TestNGAssign6.deleteCustomer(TestNGAssign6.java:217)
at java.base/jdk.internal.reflect.NativeMethodAccessorImpl.invoke0(Native Method)
at java.base/jdk.internal.reflect.NativeMethodAccessorImpl.invoke(NativeMethodAccessorImpl.java:77)
at java.base/jdk.internal.reflect.DelegatingMethodAccessorImpl.invoke(DelegatingMethodAccessorImpl.java:43)
at java.base/java.lang.reflect.Method.invoke(Method.java:568)
at org.testng.internal.MethodInvocationHelper.invokeMethod(MethodInvocationHelper.java:133)
at org.testng.internal.TestInvoker.invokeMethod(TestInvoker.java:598)
at org.testng.internal.TestInvoker.invokeTestMethod(TestInvoker.java:173)
at org.testng.internal.MethodRunner.runInSequence(MethodRunner.java:46)
at org.testng.internal.TestInvoker$MethodInvocationAgent.invoke(TestInvoker.java:824)
at org.testng.internal.TestInvoker.invokeTestMethods(TestInvoker.java:146)
at org.testng.internal.TestMethodWorker.invokeTestMethods(TestMethodWorker.java:146)
at org.testng.internal.TestMethodWorker.run(TestMethodWorker.java:128)
at java.base/java.util.ArrayList.forEach(ArrayList.java:1511)
at org.testng.TestRunner.privateRun(TestRunner.java:794)
at org.testng.TestRunner.run(TestRunner.java:596)
at org.testng.SuiteRunner.runTest(SuiteRunner.java:377)
at org.testng.SuiteRunner.runSequentially(SuiteRunner.java:371)
at org.testng.SuiteRunner.privateRun(SuiteRunner.java:332)
at org.testng.SuiteRunner.run(SuiteRunner.java:276)
at org.testng.SuiteRunnerWorker.runSuite(SuiteRunnerWorker.java:53)
at org.testng.SuiteRunnerWorker.run(SuiteRunnerWorker.java:96)
at org.testng.TestNG.runSuitesSequentially(TestNG.java:1212)
at org.testng.TestNG.runSuitesLocally(TestNG.java:1134)
at org.testng.TestNG.runSuites(TestNG.java:1063)
at org.testng.TestNG.run(TestNG.java:1031)
at org.testng.remote.AbstractRemoteTestNG.run(AbstractRemoteTestNG.java:115)
at org.testng.remote.RemoteTestNG.initAndRun(RemoteTestNG.java:251)
at org.testng.remote.RemoteTestNG.main(RemoteTestNG.java:77)
]]>
            </full-stacktrace>
          </exception> <!-- java.lang.AssertionError -->
          <reporter-output>
          </reporter-output>
        </test-method> <!-- deleteCustomer -->
        <test-method signature="logoutAndClose()[pri:10, instance:com.sgtesting.Testng.TestNGAssign6@1caa0244]" started-at="2022-03-14T12:14:07 IST" name="logoutAndClose" finished-at="2022-03-14T12:14:11 IST" duration-ms="3705" status="PASS">
          <reporter-output>
          </reporter-output>
        </test-method> <!-- logoutAndClose -->
      </class> <!-- com.sgtesting.Testng.TestNGAssign6 -->
    </test> <!-- Scenario 1 -->
  </suite> <!-- ActiTime Test1 -->
</testng-results>
